<?xml version="1.0" encoding="UTF-8"?>
<testng-results ignored="0" total="1" passed="1" failed="0" skipped="0">
  <reporter-output>
  </reporter-output>
  <suite started-at="2023-06-14T15:55:34 IST" name="Default suite" finished-at="2023-06-14T15:56:06 IST" duration-ms="31793">
    <groups>
    </groups>
    <test started-at="2023-06-14T15:55:34 IST" name="Default test" finished-at="2023-06-14T15:56:06 IST" duration-ms="31793">
      <class name="com.tutorialninja.qa.testcases.PrintAllProduct">
        <test-method is-config="true" signature="setUp()[pri:0, instance:com.tutorialninja.qa.testcases.PrintAllProduct@23c30a20]" started-at="2023-06-14T15:55:34 IST" name="setUp" finished-at="2023-06-14T15:56:05 IST" duration-ms="30984" status="PASS">
          <reporter-output>
          </reporter-output>
        </test-method> <!-- setUp -->
        <test-method signature="getAllDetailsOfExistingproduct()[pri:0, instance:com.tutorialninja.qa.testcases.PrintAllProduct@23c30a20]" started-at="2023-06-14T15:56:05 IST" name="getAllDetailsOfExistingproduct" finished-at="2023-06-14T15:56:05 IST" duration-ms="447" status="PASS">
          <reporter-output>
          </reporter-output>
        </test-method> <!-- getAllDetailsOfExistingproduct -->
        <test-method is-config="true" signature="getAllDetailsOfExistingproduct()[pri:0, instance:com.tutorialninja.qa.testcases.PrintAllProduct@23c30a20]" started-at="2023-06-14T15:56:05 IST" name="getAllDetailsOfExistingproduct" finished-at="2023-06-14T15:56:06 IST" duration-ms="228" status="PASS">
          <reporter-output>
          </reporter-output>
        </test-method> <!-- getAllDetailsOfExistingproduct -->
      </class> <!-- com.tutorialninja.qa.testcases.PrintAllProduct -->
    </test> <!-- Default test -->
  </suite> <!-- Default suite -->
</testng-results>
